# JRE version: OpenJDK Runtime Environment (8.0_242-b01) (build 1.8.0_242-release-1644-b01)
# Java VM: OpenJDK 64-Bit Server VM (25.242-b01 mixed mode windows-amd64 compressed oops)
Heap:
 PSYoungGen      total 546816K, used 262193K [0x0000000780000000, 0x00000007a7500000, 0x00000007c0000000)
  eden space 449536K, 45% used [0x0000000780000000,0x000000078c65d3c8,0x000000079b700000)
  from space 97280K, 60% used [0x000000079b700000,0x000000079f0af140,0x00000007a1600000)
  to   space 80896K, 0% used [0x00000007a2600000,0x00000007a2600000,0x00000007a7500000)
 ParOldGen       total 445952K, used 280560K [0x0000000700000000, 0x000000071b380000, 0x0000000780000000)
  object space 445952K, 62% used [0x0000000700000000,0x00000007111fc230,0x000000071b380000)
 Metaspace       used 81125K, capacity 86112K, committed 86424K, reserved 1124352K
  class space    used 11015K, capacity 11866K, committed 11952K, reserved 1048576K
GC Heap History (10 events):
Event: 9.829 GC heap before
{Heap before GC invocations=15 (full 4):
 PSYoungGen      total 409600K, used 62956K [0x0000000780000000, 0x00000007a8080000, 0x00000007c0000000)
  eden space 346624K, 0% used [0x0000000780000000,0x0000000780000000,0x0000000795280000)
  from space 62976K, 99% used [0x0000000795280000,0x0000000798ffb330,0x0000000799000000)
  to   space 92672K, 0% used [0x00000007a2600000,0x00000007a2600000,0x00000007a8080000)
 ParOldGen       total 213504K, used 172889K [0x0000000700000000, 0x000000070d080000, 0x0000000780000000)
  object space 213504K, 80% used [0x0000000700000000,0x000000070a8d6720,0x000000070d080000)
 Metaspace       used 69792K, capacity 73052K, committed 73112K, reserved 1112064K
  class space    used 9549K, capacity 10152K, committed 10160K, reserved 1048576K
Event: 10.303 GC heap after
Heap after GC invocations=15 (full 4):
 PSYoungGen      total 409600K, used 0K [0x0000000780000000, 0x00000007a8080000, 0x00000007c0000000)
  eden space 346624K, 0% used [0x0000000780000000,0x0000000780000000,0x0000000795280000)
  from space 62976K, 0% used [0x0000000795280000,0x0000000795280000,0x0000000799000000)
  to   space 92672K, 0% used [0x00000007a2600000,0x00000007a2600000,0x00000007a8080000)
 ParOldGen       total 445952K, used 178823K [0x0000000700000000, 0x000000071b380000, 0x0000000780000000)
  object space 445952K, 40% used [0x0000000700000000,0x000000070aea1df0,0x000000071b380000)
 Metaspace       used 69733K, capacity 72882K, committed 73112K, reserved 1112064K
  class space    used 9531K, capacity 10119K, committed 10160K, reserved 1048576K
}
Event: 11.395 GC heap before
{Heap before GC invocations=16 (full 4):
 PSYoungGen      total 409600K, used 346624K [0x0000000780000000, 0x00000007a8080000, 0x00000007c0000000)
  eden space 346624K, 100% used [0x0000000780000000,0x0000000795280000,0x0000000795280000)
  from space 62976K, 0% used [0x0000000795280000,0x0000000795280000,0x0000000799000000)
  to   space 92672K, 0% used [0x00000007a2600000,0x00000007a2600000,0x00000007a8080000)
 ParOldGen       total 445952K, used 178823K [0x0000000700000000, 0x000000071b380000, 0x0000000780000000)
  object space 445952K, 40% used [0x0000000700000000,0x000000070aea1df0,0x000000071b380000)
 Metaspace       used 70661K, capacity 73986K, committed 74136K, reserved 1114112K
  class space    used 9661K, capacity 10297K, committed 10416K, reserved 1048576K
Event: 11.455 GC heap after
Heap after GC invocations=16 (full 4):
 PSYoungGen      total 530432K, used 60902K [0x0000000780000000, 0x00000007a7500000, 0x00000007c0000000)
  eden space 449536K, 0% used [0x0000000780000000,0x0000000780000000,0x000000079b700000)
  from space 80896K, 75% used [0x00000007a2600000,0x00000007a6179958,0x00000007a7500000)
  to   space 97280K, 0% used [0x000000079b700000,0x000000079b700000,0x00000007a1600000)
 ParOldGen       total 445952K, used 178831K [0x0000000700000000, 0x000000071b380000, 0x0000000780000000)
  object space 445952K, 40% used [0x0000000700000000,0x000000070aea3df0,0x000000071b380000)
 Metaspace       used 70661K, capacity 73986K, committed 74136K, reserved 1114112K
  class space    used 9661K, capacity 10297K, committed 10416K, reserved 1048576K
}
Event: 12.939 GC heap before
{Heap before GC invocations=17 (full 4):
 PSYoungGen      total 530432K, used 510438K [0x0000000780000000, 0x00000007a7500000, 0x00000007c0000000)
  eden space 449536K, 100% used [0x0000000780000000,0x000000079b700000,0x000000079b700000)
  from space 80896K, 75% used [0x00000007a2600000,0x00000007a6179958,0x00000007a7500000)
  to   space 97280K, 0% used [0x000000079b700000,0x000000079b700000,0x00000007a1600000)
 ParOldGen       total 445952K, used 178831K [0x0000000700000000, 0x000000071b380000, 0x0000000780000000)
  object space 445952K, 40% used [0x0000000700000000,0x000000070aea3df0,0x000000071b380000)
 Metaspace       used 72389K, capacity 76036K, committed 76312K, reserved 1116160K
  class space    used 9860K, capacity 10518K, committed 10544K, reserved 1048576K
Event: 13.022 GC heap after
Heap after GC invocations=17 (full 4):
 PSYoungGen      total 546816K, used 58569K [0x0000000780000000, 0x00000007a7500000, 0x00000007c0000000)
  eden space 449536K, 0% used [0x0000000780000000,0x0000000780000000,0x000000079b700000)
  from space 97280K, 60% used [0x000000079b700000,0x000000079f0325a0,0x00000007a1600000)
  to   space 80896K, 0% used [0x00000007a2600000,0x00000007a2600000,0x00000007a7500000)
 ParOldGen       total 445952K, used 227652K [0x0000000700000000, 0x000000071b380000, 0x0000000780000000)
  object space 445952K, 51% used [0x0000000700000000,0x000000070de51018,0x000000071b380000)
 Metaspace       used 72389K, capacity 76036K, committed 76312K, reserved 1116160K
  class space    used 9860K, capacity 10518K, committed 10544K, reserved 1048576K
}
Event: 15.071 GC heap before
{Heap before GC invocations=18 (full 4):
 PSYoungGen      total 546816K, used 508105K [0x0000000780000000, 0x00000007a7500000, 0x00000007c0000000)
  eden space 449536K, 100% used [0x0000000780000000,0x000000079b700000,0x000000079b700000)
  from space 97280K, 60% used [0x000000079b700000,0x000000079f0325a0,0x00000007a1600000)
  to   space 80896K, 0% used [0x00000007a2600000,0x00000007a2600000,0x00000007a7500000)
 ParOldGen       total 445952K, used 227652K [0x0000000700000000, 0x000000071b380000, 0x0000000780000000)
  object space 445952K, 51% used [0x0000000700000000,0x000000070de51018,0x000000071b380000)
 Metaspace       used 76238K, capacity 80218K, committed 80408K, reserved 1118208K
  class space    used 10496K, capacity 11221K, committed 11312K, reserved 1048576K
Event: 15.133 GC heap after
Heap after GC invocations=18 (full 4):
 PSYoungGen      total 530432K, used 51341K [0x0000000780000000, 0x00000007a7500000, 0x00000007c0000000)
  eden space 449536K, 0% used [0x0000000780000000,0x0000000780000000,0x000000079b700000)
  from space 80896K, 63% used [0x00000007a2600000,0x00000007a58234d0,0x00000007a7500000)
  to   space 97280K, 0% used [0x000000079b700000,0x000000079b700000,0x00000007a1600000)
 ParOldGen       total 445952K, used 280552K [0x0000000700000000, 0x000000071b380000, 0x0000000780000000)
  object space 445952K, 62% used [0x0000000700000000,0x00000007111fa230,0x000000071b380000)
 Metaspace       used 76238K, capacity 80218K, committed 80408K, reserved 1118208K
  class space    used 10496K, capacity 11221K, committed 11312K, reserved 1048576K
}
Event: 17.605 GC heap before
{Heap before GC invocations=19 (full 4):
 PSYoungGen      total 530432K, used 500877K [0x0000000780000000, 0x00000007a7500000, 0x00000007c0000000)
  eden space 449536K, 100% used [0x0000000780000000,0x000000079b700000,0x000000079b700000)
  from space 80896K, 63% used [0x00000007a2600000,0x00000007a58234d0,0x00000007a7500000)
  to   space 97280K, 0% used [0x000000079b700000,0x000000079b700000,0x00000007a1600000)
 ParOldGen       total 445952K, used 280552K [0x0000000700000000, 0x000000071b380000, 0x0000000780000000)
  object space 445952K, 62% used [0x0000000700000000,0x00000007111fa230,0x000000071b380000)
 Metaspace       used 80907K, capacity 85796K, committed 85912K, reserved 1124352K
  class space    used 11010K, capacity 11860K, committed 11952K, reserved 1048576K
Event: 17.651 GC heap after
Heap after GC invocations=19 (full 4):
 PSYoungGen      total 546816K, used 59068K [0x0000000780000000, 0x00000007a7500000, 0x00000007c0000000)
  eden space 449536K, 0% used [0x0000000780000000,0x0000000780000000,0x000000079b700000)
  from space 97280K, 60% used [0x000000079b700000,0x000000079f0af140,0x00000007a1600000)
  to   space 80896K, 0% used [0x00000007a2600000,0x00000007a2600000,0x00000007a7500000)
 ParOldGen       total 445952K, used 280560K [0x0000000700000000, 0x000000071b380000, 0x0000000780000000)
  object space 445952K, 62% used [0x0000000700000000,0x00000007111fc230,0x000000071b380000)
 Metaspace       used 80907K, capacity 85796K, committed 85912K, reserved 1124352K
  class space    used 11010K, capacity 11860K, committed 11952K, reserved 1048576K
}

