# JRE version: OpenJDK Runtime Environment (8.0_242-b01) (build 1.8.0_242-release-1644-b01)
# Java VM: OpenJDK 64-Bit Server VM (25.242-b01 mixed mode windows-amd64 compressed oops)
Heap:
 PSYoungGen      total 363008K, used 214251K [0x0000000780000000, 0x00000007a5e00000, 0x00000007c0000000)
  eden space 293888K, 72% used [0x0000000780000000,0x000000078d13af90,0x0000000791f00000)
  from space 69120K, 0% used [0x0000000791f00000,0x0000000791f00000,0x0000000796280000)
  to   space 104960K, 0% used [0x000000079f780000,0x000000079f780000,0x00000007a5e00000)
 ParOldGen       total 216064K, used 215622K [0x0000000700000000, 0x000000070d300000, 0x0000000780000000)
  object space 216064K, 99% used [0x0000000700000000,0x000000070d291978,0x000000070d300000)
 Metaspace       used 80035K, capacity 84872K, committed 85016K, reserved 1122304K
  class space    used 10974K, capacity 11812K, committed 11824K, reserved 1048576K
GC Heap History (10 events):
Event: 13.867 GC heap before
{Heap before GC invocations=20 (full 5):
 PSYoungGen      total 363008K, used 305477K [0x0000000780000000, 0x00000007a5e00000, 0x00000007c0000000)
  eden space 293888K, 100% used [0x0000000780000000,0x0000000791f00000,0x0000000791f00000)
  from space 69120K, 16% used [0x0000000791f00000,0x0000000792a51638,0x0000000796280000)
  to   space 104960K, 0% used [0x000000079f780000,0x000000079f780000,0x00000007a5e00000)
 ParOldGen       total 216064K, used 215990K [0x0000000700000000, 0x000000070d300000, 0x0000000780000000)
  object space 216064K, 99% used [0x0000000700000000,0x000000070d2edbd8,0x000000070d300000)
 Metaspace       used 72279K, capacity 75888K, committed 76056K, reserved 1114112K
  class space    used 9853K, capacity 10514K, committed 10544K, reserved 1048576K
Event: 14.778 GC heap after
Heap after GC invocations=20 (full 5):
 PSYoungGen      total 363008K, used 17497K [0x0000000780000000, 0x00000007a5e00000, 0x00000007c0000000)
  eden space 293888K, 5% used [0x0000000780000000,0x00000007811164e0,0x0000000791f00000)
  from space 69120K, 0% used [0x0000000791f00000,0x0000000791f00000,0x0000000796280000)
  to   space 104960K, 0% used [0x000000079f780000,0x000000079f780000,0x00000007a5e00000)
 ParOldGen       total 216064K, used 216034K [0x0000000700000000, 0x000000070d300000, 0x0000000780000000)
  object space 216064K, 99% used [0x0000000700000000,0x000000070d2f8a78,0x000000070d300000)
 Metaspace       used 72279K, capacity 75888K, committed 76056K, reserved 1114112K
  class space    used 9853K, capacity 10514K, committed 10544K, reserved 1048576K
}
Event: 15.350 GC heap before
{Heap before GC invocations=21 (full 6):
 PSYoungGen      total 363008K, used 293888K [0x0000000780000000, 0x00000007a5e00000, 0x00000007c0000000)
  eden space 293888K, 100% used [0x0000000780000000,0x0000000791f00000,0x0000000791f00000)
  from space 69120K, 0% used [0x0000000791f00000,0x0000000791f00000,0x0000000796280000)
  to   space 104960K, 0% used [0x000000079f780000,0x000000079f780000,0x00000007a5e00000)
 ParOldGen       total 216064K, used 216034K [0x0000000700000000, 0x000000070d300000, 0x0000000780000000)
  object space 216064K, 99% used [0x0000000700000000,0x000000070d2f8a78,0x000000070d300000)
 Metaspace       used 72358K, capacity 75966K, committed 76056K, reserved 1114112K
  class space    used 9859K, capacity 10517K, committed 10544K, reserved 1048576K
Event: 16.491 GC heap after
Heap after GC invocations=21 (full 6):
 PSYoungGen      total 363008K, used 58693K [0x0000000780000000, 0x00000007a5e00000, 0x00000007c0000000)
  eden space 293888K, 19% used [0x0000000780000000,0x0000000783951450,0x0000000791f00000)
  from space 69120K, 0% used [0x0000000791f00000,0x0000000791f00000,0x0000000796280000)
  to   space 104960K, 0% used [0x000000079f780000,0x000000079f780000,0x00000007a5e00000)
 ParOldGen       total 216064K, used 216063K [0x0000000700000000, 0x000000070d300000, 0x0000000780000000)
  object space 216064K, 99% used [0x0000000700000000,0x000000070d2ffe18,0x000000070d300000)
 Metaspace       used 72358K, capacity 75966K, committed 76056K, reserved 1114112K
  class space    used 9859K, capacity 10517K, committed 10544K, reserved 1048576K
}
Event: 17.055 GC heap before
{Heap before GC invocations=22 (full 7):
 PSYoungGen      total 363008K, used 293888K [0x0000000780000000, 0x00000007a5e00000, 0x00000007c0000000)
  eden space 293888K, 100% used [0x0000000780000000,0x0000000791f00000,0x0000000791f00000)
  from space 69120K, 0% used [0x0000000791f00000,0x0000000791f00000,0x0000000796280000)
  to   space 104960K, 0% used [0x000000079f780000,0x000000079f780000,0x00000007a5e00000)
 ParOldGen       total 216064K, used 216063K [0x0000000700000000, 0x000000070d300000, 0x0000000780000000)
  object space 216064K, 99% used [0x0000000700000000,0x000000070d2ffe18,0x000000070d300000)
 Metaspace       used 72388K, capacity 75980K, committed 76056K, reserved 1114112K
  class space    used 9860K, capacity 10518K, committed 10544K, reserved 1048576K
Event: 18.672 GC heap after
Heap after GC invocations=22 (full 7):
 PSYoungGen      total 363008K, used 94383K [0x0000000780000000, 0x00000007a5e00000, 0x00000007c0000000)
  eden space 293888K, 32% used [0x0000000780000000,0x0000000785c2bca0,0x0000000791f00000)
  from space 69120K, 0% used [0x0000000791f00000,0x0000000791f00000,0x0000000796280000)
  to   space 104960K, 0% used [0x000000079f780000,0x000000079f780000,0x00000007a5e00000)
 ParOldGen       total 216064K, used 216021K [0x0000000700000000, 0x000000070d300000, 0x0000000780000000)
  object space 216064K, 99% used [0x0000000700000000,0x000000070d2f5740,0x000000070d300000)
 Metaspace       used 72388K, capacity 75980K, committed 76056K, reserved 1114112K
  class space    used 9860K, capacity 10518K, committed 10544K, reserved 1048576K
}
Event: 19.652 GC heap before
{Heap before GC invocations=23 (full 8):
 PSYoungGen      total 363008K, used 293888K [0x0000000780000000, 0x00000007a5e00000, 0x00000007c0000000)
  eden space 293888K, 100% used [0x0000000780000000,0x0000000791f00000,0x0000000791f00000)
  from space 69120K, 0% used [0x0000000791f00000,0x0000000791f00000,0x0000000796280000)
  to   space 104960K, 0% used [0x000000079f780000,0x000000079f780000,0x00000007a5e00000)
 ParOldGen       total 216064K, used 216021K [0x0000000700000000, 0x000000070d300000, 0x0000000780000000)
  object space 216064K, 99% used [0x0000000700000000,0x000000070d2f5740,0x000000070d300000)
 Metaspace       used 75768K, capacity 79632K, committed 79768K, reserved 1118208K
  class space    used 10424K, capacity 11130K, committed 11184K, reserved 1048576K
Event: 20.910 GC heap after
Heap after GC invocations=23 (full 8):
 PSYoungGen      total 363008K, used 109593K [0x0000000780000000, 0x00000007a5e00000, 0x00000007c0000000)
  eden space 293888K, 37% used [0x0000000780000000,0x0000000786b06588,0x0000000791f00000)
  from space 69120K, 0% used [0x0000000791f00000,0x0000000791f00000,0x0000000796280000)
  to   space 104960K, 0% used [0x000000079f780000,0x000000079f780000,0x00000007a5e00000)
 ParOldGen       total 216064K, used 215986K [0x0000000700000000, 0x000000070d300000, 0x0000000780000000)
  object space 216064K, 99% used [0x0000000700000000,0x000000070d2ecbd0,0x000000070d300000)
 Metaspace       used 75768K, capacity 79632K, committed 79768K, reserved 1118208K
  class space    used 10424K, capacity 11130K, committed 11184K, reserved 1048576K
}
Event: 22.020 GC heap before
{Heap before GC invocations=24 (full 9):
 PSYoungGen      total 363008K, used 293888K [0x0000000780000000, 0x00000007a5e00000, 0x00000007c0000000)
  eden space 293888K, 100% used [0x0000000780000000,0x0000000791f00000,0x0000000791f00000)
  from space 69120K, 0% used [0x0000000791f00000,0x0000000791f00000,0x0000000796280000)
  to   space 104960K, 0% used [0x000000079f780000,0x000000079f780000,0x00000007a5e00000)
 ParOldGen       total 216064K, used 215986K [0x0000000700000000, 0x000000070d300000, 0x0000000780000000)
  object space 216064K, 99% used [0x0000000700000000,0x000000070d2ecbd0,0x000000070d300000)
 Metaspace       used 77835K, capacity 82312K, committed 82456K, reserved 1120256K
  class space    used 10687K, capacity 11488K, committed 11568K, reserved 1048576K
Event: 22.945 GC heap after
Heap after GC invocations=24 (full 9):
 PSYoungGen      total 363008K, used 41141K [0x0000000780000000, 0x00000007a5e00000, 0x00000007c0000000)
  eden space 293888K, 13% used [0x0000000780000000,0x000000078282d7e0,0x0000000791f00000)
  from space 69120K, 0% used [0x0000000791f00000,0x0000000791f00000,0x0000000796280000)
  to   space 104960K, 0% used [0x000000079f780000,0x000000079f780000,0x00000007a5e00000)
 ParOldGen       total 216064K, used 215622K [0x0000000700000000, 0x000000070d300000, 0x0000000780000000)
  object space 216064K, 99% used [0x0000000700000000,0x000000070d291978,0x000000070d300000)
 Metaspace       used 77826K, capacity 82282K, committed 82456K, reserved 1120256K
  class space    used 10684K, capacity 11483K, committed 11568K, reserved 1048576K
}

