# JRE version: OpenJDK Runtime Environment (8.0_242-b01) (build 1.8.0_242-release-1644-b01)
# Java VM: OpenJDK 64-Bit Server VM (25.242-b01 mixed mode windows-amd64 compressed oops)
Heap:
 PSYoungGen      total 352256K, used 178196K [0x0000000780000000, 0x000000079ea80000, 0x00000007c0000000)
  eden space 250880K, 68% used [0x0000000780000000,0x000000078a7b9180,0x000000078f500000)
  from space 101376K, 6% used [0x0000000796080000,0x00000007966cc010,0x000000079c380000)
  to   space 110080K, 0% used [0x000000078f500000,0x000000078f500000,0x0000000796080000)
 ParOldGen       total 356352K, used 269294K [0x0000000700000000, 0x0000000715c00000, 0x0000000780000000)
  object space 356352K, 75% used [0x0000000700000000,0x00000007106fb8d0,0x0000000715c00000)
 Metaspace       used 100700K, capacity 109566K, committed 109848K, reserved 1144832K
  class space    used 12680K, capacity 14037K, committed 14128K, reserved 1048576K
GC Heap History (10 events):
Event: 16342.753 GC heap before
{Heap before GC invocations=212 (full 6):
 PSYoungGen      total 360960K, used 261712K [0x0000000780000000, 0x000000079c380000, 0x00000007c0000000)
  eden space 259584K, 100% used [0x0000000780000000,0x000000078fd80000,0x000000078fd80000)
  from space 101376K, 2% used [0x000000078fd80000,0x000000078ff94010,0x0000000796080000)
  to   space 101376K, 0% used [0x0000000796080000,0x0000000796080000,0x000000079c380000)
 ParOldGen       total 356352K, used 266136K [0x0000000700000000, 0x0000000715c00000, 0x0000000780000000)
  object space 356352K, 74% used [0x0000000700000000,0x00000007103e6230,0x0000000715c00000)
 Metaspace       used 100641K, capacity 109472K, committed 109592K, reserved 1144832K
  class space    used 12677K, capacity 14032K, committed 14128K, reserved 1048576K
Event: 16342.763 GC heap after
Heap after GC invocations=212 (full 6):
 PSYoungGen      total 360960K, used 1664K [0x0000000780000000, 0x000000079c380000, 0x00000007c0000000)
  eden space 259584K, 0% used [0x0000000780000000,0x0000000780000000,0x000000078fd80000)
  from space 101376K, 1% used [0x0000000796080000,0x0000000796220000,0x000000079c380000)
  to   space 101376K, 0% used [0x000000078fd80000,0x000000078fd80000,0x0000000796080000)
 ParOldGen       total 356352K, used 267942K [0x0000000700000000, 0x0000000715c00000, 0x0000000780000000)
  object space 356352K, 75% used [0x0000000700000000,0x00000007105a98c0,0x0000000715c00000)
 Metaspace       used 100641K, capacity 109472K, committed 109592K, reserved 1144832K
  class space    used 12677K, capacity 14032K, committed 14128K, reserved 1048576K
}
Event: 16343.251 GC heap before
{Heap before GC invocations=213 (full 6):
 PSYoungGen      total 360960K, used 261248K [0x0000000780000000, 0x000000079c380000, 0x00000007c0000000)
  eden space 259584K, 100% used [0x0000000780000000,0x000000078fd80000,0x000000078fd80000)
  from space 101376K, 1% used [0x0000000796080000,0x0000000796220000,0x000000079c380000)
  to   space 101376K, 0% used [0x000000078fd80000,0x000000078fd80000,0x0000000796080000)
 ParOldGen       total 356352K, used 267942K [0x0000000700000000, 0x0000000715c00000, 0x0000000780000000)
  object space 356352K, 75% used [0x0000000700000000,0x00000007105a98c0,0x0000000715c00000)
 Metaspace       used 100657K, capacity 109476K, committed 109592K, reserved 1144832K
  class space    used 12677K, capacity 14032K, committed 14128K, reserved 1048576K
Event: 16343.257 GC heap after
Heap after GC invocations=213 (full 6):
 PSYoungGen      total 360960K, used 2368K [0x0000000780000000, 0x000000079c380000, 0x00000007c0000000)
  eden space 259584K, 0% used [0x0000000780000000,0x0000000780000000,0x000000078fd80000)
  from space 101376K, 2% used [0x000000078fd80000,0x000000078ffd0000,0x0000000796080000)
  to   space 101376K, 0% used [0x0000000796080000,0x0000000796080000,0x000000079c380000)
 ParOldGen       total 356352K, used 269294K [0x0000000700000000, 0x0000000715c00000, 0x0000000780000000)
  object space 356352K, 75% used [0x0000000700000000,0x00000007106fb8d0,0x0000000715c00000)
 Metaspace       used 100657K, capacity 109476K, committed 109592K, reserved 1144832K
  class space    used 12677K, capacity 14032K, committed 14128K, reserved 1048576K
}
Event: 16343.667 GC heap before
{Heap before GC invocations=214 (full 6):
 PSYoungGen      total 360960K, used 261952K [0x0000000780000000, 0x000000079c380000, 0x00000007c0000000)
  eden space 259584K, 100% used [0x0000000780000000,0x000000078fd80000,0x000000078fd80000)
  from space 101376K, 2% used [0x000000078fd80000,0x000000078ffd0000,0x0000000796080000)
  to   space 101376K, 0% used [0x0000000796080000,0x0000000796080000,0x000000079c380000)
 ParOldGen       total 356352K, used 269294K [0x0000000700000000, 0x0000000715c00000, 0x0000000780000000)
  object space 356352K, 75% used [0x0000000700000000,0x00000007106fb8d0,0x0000000715c00000)
 Metaspace       used 100669K, capacity 109482K, committed 109592K, reserved 1144832K
  class space    used 12678K, capacity 14033K, committed 14128K, reserved 1048576K
Event: 16343.673 GC heap after
Heap after GC invocations=214 (full 6):
 PSYoungGen      total 360960K, used 3568K [0x0000000780000000, 0x000000079c380000, 0x00000007c0000000)
  eden space 259584K, 0% used [0x0000000780000000,0x0000000780000000,0x000000078fd80000)
  from space 101376K, 3% used [0x0000000796080000,0x00000007963fc010,0x000000079c380000)
  to   space 101376K, 0% used [0x000000078fd80000,0x000000078fd80000,0x0000000796080000)
 ParOldGen       total 356352K, used 269294K [0x0000000700000000, 0x0000000715c00000, 0x0000000780000000)
  object space 356352K, 75% used [0x0000000700000000,0x00000007106fb8d0,0x0000000715c00000)
 Metaspace       used 100669K, capacity 109482K, committed 109592K, reserved 1144832K
  class space    used 12678K, capacity 14033K, committed 14128K, reserved 1048576K
}
Event: 16344.115 GC heap before
{Heap before GC invocations=215 (full 6):
 PSYoungGen      total 360960K, used 263152K [0x0000000780000000, 0x000000079c380000, 0x00000007c0000000)
  eden space 259584K, 100% used [0x0000000780000000,0x000000078fd80000,0x000000078fd80000)
  from space 101376K, 3% used [0x0000000796080000,0x00000007963fc010,0x000000079c380000)
  to   space 101376K, 0% used [0x000000078fd80000,0x000000078fd80000,0x0000000796080000)
 ParOldGen       total 356352K, used 269294K [0x0000000700000000, 0x0000000715c00000, 0x0000000780000000)
  object space 356352K, 75% used [0x0000000700000000,0x00000007106fb8d0,0x0000000715c00000)
 Metaspace       used 100681K, capacity 109502K, committed 109848K, reserved 1144832K
  class space    used 12680K, capacity 14037K, committed 14128K, reserved 1048576K
Event: 16344.122 GC heap after
Heap after GC invocations=215 (full 6):
 PSYoungGen      total 360960K, used 4896K [0x0000000780000000, 0x000000079c380000, 0x00000007c0000000)
  eden space 259584K, 0% used [0x0000000780000000,0x0000000780000000,0x000000078fd80000)
  from space 101376K, 4% used [0x000000078fd80000,0x0000000790248000,0x0000000796080000)
  to   space 101376K, 0% used [0x0000000796080000,0x0000000796080000,0x000000079c380000)
 ParOldGen       total 356352K, used 269294K [0x0000000700000000, 0x0000000715c00000, 0x0000000780000000)
  object space 356352K, 75% used [0x0000000700000000,0x00000007106fb8d0,0x0000000715c00000)
 Metaspace       used 100681K, capacity 109502K, committed 109848K, reserved 1144832K
  class space    used 12680K, capacity 14037K, committed 14128K, reserved 1048576K
}
Event: 16344.518 GC heap before
{Heap before GC invocations=216 (full 6):
 PSYoungGen      total 360960K, used 264480K [0x0000000780000000, 0x000000079c380000, 0x00000007c0000000)
  eden space 259584K, 100% used [0x0000000780000000,0x000000078fd80000,0x000000078fd80000)
  from space 101376K, 4% used [0x000000078fd80000,0x0000000790248000,0x0000000796080000)
  to   space 101376K, 0% used [0x0000000796080000,0x0000000796080000,0x000000079c380000)
 ParOldGen       total 356352K, used 269294K [0x0000000700000000, 0x0000000715c00000, 0x0000000780000000)
  object space 356352K, 75% used [0x0000000700000000,0x00000007106fb8d0,0x0000000715c00000)
 Metaspace       used 100698K, capacity 109566K, committed 109848K, reserved 1144832K
  class space    used 12680K, capacity 14037K, committed 14128K, reserved 1048576K
Event: 16344.525 GC heap after
Heap after GC invocations=216 (full 6):
 PSYoungGen      total 352256K, used 6448K [0x0000000780000000, 0x000000079ea80000, 0x00000007c0000000)
  eden space 250880K, 0% used [0x0000000780000000,0x0000000780000000,0x000000078f500000)
  from space 101376K, 6% used [0x0000000796080000,0x00000007966cc010,0x000000079c380000)
  to   space 110080K, 0% used [0x000000078f500000,0x000000078f500000,0x0000000796080000)
 ParOldGen       total 356352K, used 269294K [0x0000000700000000, 0x0000000715c00000, 0x0000000780000000)
  object space 356352K, 75% used [0x0000000700000000,0x00000007106fb8d0,0x0000000715c00000)
 Metaspace       used 100698K, capacity 109566K, committed 109848K, reserved 1144832K
  class space    used 12680K, capacity 14037K, committed 14128K, reserved 1048576K
}

